2024-06-22 12:18:30 INFO log.py: Yasb - Yet Another Status Bar
2024-06-22 12:18:30 ERROR widget_builder.py: Failed to import widget 'clock'
Traceback (most recent call last):
  File "D:\software\installed\YASB\src\core\utils\widget_builder.py", line 42, in _build_widget
    widget_module = import_module(f"core.widgets.{widget_module_str}")
                    ^^^^^^^^^^^^^^^^^^^^^^^^^^^^^^^^^^^^^^^^^^^^^^^^^^
  File "D:\software\installed\scoop_apps\apps\anaconda3\current\App\Lib\importlib\__init__.py", line 126, in import_module
    return _bootstrap._gcd_import(name[level:], package, level)
           ^^^^^^^^^^^^^^^^^^^^^^^^^^^^^^^^^^^^^^^^^^^^^^^^^^^^
  File "<frozen importlib._bootstrap>", line 1204, in _gcd_import
  File "<frozen importlib._bootstrap>", line 1176, in _find_and_load
  File "<frozen importlib._bootstrap>", line 1147, in _find_and_load_unlocked
  File "<frozen importlib._bootstrap>", line 690, in _load_unlocked
  File "<frozen importlib._bootstrap_external>", line 940, in exec_module
  File "<frozen importlib._bootstrap>", line 241, in _call_with_frames_removed
  File "D:\software\installed\YASB\src\core\widgets\yasb\clock.py", line 7, in <module>
    from tzlocal import get_localzone_name
ImportError: cannot import name 'get_localzone_name' from 'tzlocal' (D:\software\installed\scoop_apps\apps\anaconda3\current\App\Lib\site-packages\tzlocal\__init__.py)
2024-06-22 12:18:31 ERROR base.py: Failed to execute callback of type 'exec_custom' with args: []
Traceback (most recent call last):
  File "D:\software\installed\YASB\src\core\widgets\base.py", line 84, in _run_callback
    self.callbacks[callback_type](*callback_args)
  File "D:\software\installed\YASB\src\core\widgets\yasb\custom.py", line 89, in _exec_callback
    self._exec_data = json.loads(output)
                      ^^^^^^^^^^^^^^^^^^
  File "D:\software\installed\scoop_apps\apps\anaconda3\current\App\Lib\json\__init__.py", line 346, in loads
    return _default_decoder.decode(s)
           ^^^^^^^^^^^^^^^^^^^^^^^^^^
  File "D:\software\installed\scoop_apps\apps\anaconda3\current\App\Lib\json\decoder.py", line 337, in decode
    obj, end = self.raw_decode(s, idx=_w(s, 0).end())
               ^^^^^^^^^^^^^^^^^^^^^^^^^^^^^^^^^^^^^^
  File "D:\software\installed\scoop_apps\apps\anaconda3\current\App\Lib\json\decoder.py", line 355, in raw_decode
    raise JSONDecodeError("Expecting value", s, err.value) from None
json.decoder.JSONDecodeError: Expecting value: line 1 column 1 (char 0)
2024-06-22 12:18:31 ERROR widget_builder.py: Failed to import widget with type yasb.dropdown.DropdownWidget
Traceback (most recent call last):
  File "D:\software\installed\YASB\src\core\utils\widget_builder.py", line 62, in _build_widget
    return widget_cls(**normalized_options)
           ^^^^^^^^^^^^^^^^^^^^^^^^^^^^^^^^
  File "D:\software\installed\YASB\src\core\widgets\yasb\dropdown.py", line 43, in __init__
    self._populate_menu()
  File "D:\software\installed\YASB\src\core\widgets\yasb\dropdown.py", line 58, in _populate_menu
    widget_instance = self._create_widget_instance(widget_name)
                      ^^^^^^^^^^^^^^^^^^^^^^^^^^^^^^^^^^^^^^^^^
  File "D:\software\installed\YASB\src\core\widgets\yasb\dropdown.py", line 100, in _create_widget_instance
    from core.widgets.dropdown.volume import VolumeWidget
  File "D:\software\installed\YASB\src\core\widgets\dropdown\volume.py", line 4, in <module>
    from comtypes import CLSCTX_ALL
ModuleNotFoundError: No module named 'comtypes'
2024-06-22 12:18:31 ERROR widget_builder.py: Failed to import widget with type yasb.volume.VolumeWidget
Traceback (most recent call last):
  File "D:\software\installed\YASB\src\core\utils\widget_builder.py", line 42, in _build_widget
    widget_module = import_module(f"core.widgets.{widget_module_str}")
                    ^^^^^^^^^^^^^^^^^^^^^^^^^^^^^^^^^^^^^^^^^^^^^^^^^^
  File "D:\software\installed\scoop_apps\apps\anaconda3\current\App\Lib\importlib\__init__.py", line 126, in import_module
    return _bootstrap._gcd_import(name[level:], package, level)
           ^^^^^^^^^^^^^^^^^^^^^^^^^^^^^^^^^^^^^^^^^^^^^^^^^^^^
  File "<frozen importlib._bootstrap>", line 1204, in _gcd_import
  File "<frozen importlib._bootstrap>", line 1176, in _find_and_load
  File "<frozen importlib._bootstrap>", line 1147, in _find_and_load_unlocked
  File "<frozen importlib._bootstrap>", line 690, in _load_unlocked
  File "<frozen importlib._bootstrap_external>", line 940, in exec_module
  File "<frozen importlib._bootstrap>", line 241, in _call_with_frames_removed
  File "D:\software\installed\YASB\src\core\widgets\yasb\volume.py", line 4, in <module>
    from comtypes import CLSCTX_ALL
ModuleNotFoundError: No module named 'comtypes'
2024-06-22 12:18:34 INFO bar_manager.py: Starting KomorebiEventListener...
2024-06-22 12:18:34 INFO event_listener.py: Created named pipe yasb-722e0a0a-3063-11ef-ac09-e0d4e85d8206
2024-06-22 12:18:34 INFO event_listener.py: Waiting for Komorebi to subscribe to named pipe yasb-722e0a0a-3063-11ef-ac09-e0d4e85d8206
2024-06-22 12:18:34 INFO event_listener.py: Komorebi connected to named pipe: yasb-722e0a0a-3063-11ef-ac09-e0d4e85d8206
2024-06-22 12:18:40 INFO watcher.py: Created file watcher for path C:\Users\yadu1\.yasb
